<?xml version="1.0" encoding="UTF-8"?>
<!-- Generated by org.testng.reporters.JUnitReportReporter -->
<testsuite skipped="0" hostname="DESKTOP-MVVNBS3" name="VendingMachineUnitTest" tests="4" failures="0" timestamp="2020-12-14T10:38:19 GMT" time="0.015" errors="0">
  <testcase name="testRefund" time="0.000" classname="VendingMachineUnitTest"/>
  <testcase name="testBuyItemWithExactPrice" time="0.015" classname="VendingMachineUnitTest"/>
  <testcase name="testNotSufficientChangeException" time="0.000" classname="VendingMachineUnitTest"/>
  <testcase name="testBuyItemWithMorePrice" time="0.000" classname="VendingMachineUnitTest"/>
</testsuite> <!-- VendingMachineUnitTest -->
